<?xml version="1.0" encoding="UTF-8"?>
<!-- Generated by org.testng.reporters.JUnitReportReporter -->
<testsuite hostname="Mayuresh" failures="0" tests="2" name="TestNG.hyrtutorial" time="9.724" errors="0" timestamp="2024-12-27T23:00:42 IST" skipped="0">
  <testcase classname="TestNG.hyrtutorial" name="Google" time="6.576"/>
  <system-out/>
  <testcase classname="TestNG.hyrtutorial" name="facebook" time="3.148"/>
  <system-out/>
</testsuite> <!-- TestNG.hyrtutorial -->
