<?xml version="1.0" encoding="UTF-8"?>
<!-- Generated by org.testng.reporters.JUnitReportReporter -->
<testsuite hostname="Mayuresh" failures="0" tests="3" name="TestNG.Demo3" time="0.016" errors="0" timestamp="2024-12-24T15:31:32 IST" skipped="0">
  <testcase classname="TestNG.Demo3" name="testcase2" time="0.002"/>
  <system-out/>
  <testcase classname="TestNG.Demo3" name="testcase1" time="0.006"/>
  <system-out/>
  <testcase classname="TestNG.Demo3" name="testcase3" time="0.008"/>
  <system-out/>
</testsuite> <!-- TestNG.Demo3 -->
