<?xml version="1.0" encoding="UTF-8"?>
<!-- Generated by org.testng.reporters.JUnitReportReporter -->
<testsuite hostname="Mayuresh" failures="0" tests="3" name="Practice.Demo1" time="0.030" errors="0" timestamp="2025-04-17T18:07:31 IST" skipped="0">
  <testcase classname="Practice.Demo1" name="login" time="0.010"/>
  <system-out/>
  <testcase classname="Practice.Demo1" name="home" time="0.005"/>
  <system-out/>
  <testcase classname="Practice.Demo1" name="admin" time="0.015"/>
  <system-out/>
</testsuite> <!-- Practice.Demo1 -->
