<?xml version="1.0" encoding="UTF-8"?>
<!-- Generated by org.testng.reporters.JUnitReportReporter -->
<testsuite hostname="Mayuresh" failures="0" tests="4" name="TestNG.Demo1" time="0.020" errors="0" timestamp="2024-12-24T14:48:26 IST" skipped="0">
  <testcase classname="TestNG.Demo1" name="admin" time="0.014"/>
  <system-out/>
  <testcase classname="TestNG.Demo1" name="pim" time="0.002"/>
  <system-out/>
  <testcase classname="TestNG.Demo1" name="contact" time="0.002"/>
  <system-out/>
  <testcase classname="TestNG.Demo1" name="deals" time="0.002"/>
  <system-out/>
</testsuite> <!-- TestNG.Demo1 -->
