<?xml version="1.0" encoding="UTF-8"?>
<!-- Generated by org.testng.reporters.JUnitReportReporter -->
<testsuite hostname="Mayuresh" failures="0" tests="8" name="TestNG.Assignmentclass1" time="0.024" errors="0" timestamp="2024-12-24T15:17:10 IST" skipped="1">
  <testcase classname="TestNG.Assignmentclass1" name="pqr" time="0.010"/>
  <system-out/>
  <testcase classname="TestNG.Assignmentclass1" name="abc" time="0.002"/>
  <system-out/>
  <testcase classname="TestNG.Assignmentclass1" name="abc" time="0.002"/>
  <system-out/>
  <testcase classname="TestNG.Assignmentclass1" name="abc" time="0.001"/>
  <system-out/>
  <testcase classname="TestNG.Assignmentclass1" name="lmd" time="0.005"/>
  <system-out/>
  <testcase classname="TestNG.Assignmentclass1" name="abc" time="0.001"/>
  <system-out/>
  <testcase classname="TestNG.Assignmentclass1" name="abc" time="0.003"/>
  <system-out/>
  <testcase classname="TestNG.Assignmentclass1" name="std">
    <skipped/>
  </testcase> <!-- std -->
  <system-out/>
</testsuite> <!-- TestNG.Assignmentclass1 -->
