<?xml version="1.0" encoding="UTF-8"?>
<!-- Generated by org.testng.reporters.JUnitReportReporter -->
<testsuite hostname="Mayuresh" failures="0" tests="3" name="TestNG.Demo2" time="0.022" errors="0" timestamp="2024-12-24T15:05:44 IST" skipped="0">
  <testcase classname="TestNG.Demo2" name="LMN" time="0.018"/>
  <system-out/>
  <testcase classname="TestNG.Demo2" name="ABC" time="0.002"/>
  <system-out/>
  <testcase classname="TestNG.Demo2" name="Contact" time="0.002"/>
  <system-out/>
</testsuite> <!-- TestNG.Demo2 -->
